<?xml version="1.0" encoding="utf-8"?><testsuites><testsuite name="pytest" errors="1" failures="0" skipped="0" tests="1" time="12.354" timestamp="2023-06-05T01:00:24.620775" hostname="taghreed"><testcase classname="test_weave_gitops_enterprise.test_policies_applications.TestPolicies" name="test_open_policies_page" file="test_WGE/test_policies_applications.py" line="13" time="11.184" /><testcase classname="pytest" name="internal" time="0.000"><error message="internal error">Traceback (most recent call last):
  File "/home/taghreed/Tagreed-work/PlaywrightProjects/venv/lib/python3.10/site-packages/_pytest/main.py", line 269, in wrap_session
    session.exitstatus = doit(config, session) or 0
  File "/home/taghreed/Tagreed-work/PlaywrightProjects/venv/lib/python3.10/site-packages/_pytest/main.py", line 323, in _main
    config.hook.pytest_runtestloop(session=session)
  File "/home/taghreed/Tagreed-work/PlaywrightProjects/venv/lib/python3.10/site-packages/pluggy/_hooks.py", line 265, in __call__
    return self._hookexec(self.name, self.get_hookimpls(), kwargs, firstresult)
  File "/home/taghreed/Tagreed-work/PlaywrightProjects/venv/lib/python3.10/site-packages/pluggy/_manager.py", line 80, in _hookexec
    return self._inner_hookexec(hook_name, methods, kwargs, firstresult)
  File "/home/taghreed/Tagreed-work/PlaywrightProjects/venv/lib/python3.10/site-packages/pluggy/_callers.py", line 60, in _multicall
    return outcome.get_result()
  File "/home/taghreed/Tagreed-work/PlaywrightProjects/venv/lib/python3.10/site-packages/pluggy/_result.py", line 60, in get_result
    raise ex[1].with_traceback(ex[2])
  File "/home/taghreed/Tagreed-work/PlaywrightProjects/venv/lib/python3.10/site-packages/pluggy/_callers.py", line 39, in _multicall
    res = hook_impl.function(*args)
  File "/home/taghreed/Tagreed-work/PlaywrightProjects/venv/lib/python3.10/site-packages/_pytest/main.py", line 348, in pytest_runtestloop
    item.config.hook.pytest_runtest_protocol(item=item, nextitem=nextitem)
  File "/home/taghreed/Tagreed-work/PlaywrightProjects/venv/lib/python3.10/site-packages/pluggy/_hooks.py", line 265, in __call__
    return self._hookexec(self.name, self.get_hookimpls(), kwargs, firstresult)
  File "/home/taghreed/Tagreed-work/PlaywrightProjects/venv/lib/python3.10/site-packages/pluggy/_manager.py", line 80, in _hookexec
    return self._inner_hookexec(hook_name, methods, kwargs, firstresult)
  File "/home/taghreed/Tagreed-work/PlaywrightProjects/venv/lib/python3.10/site-packages/pluggy/_callers.py", line 60, in _multicall
    return outcome.get_result()
  File "/home/taghreed/Tagreed-work/PlaywrightProjects/venv/lib/python3.10/site-packages/pluggy/_result.py", line 60, in get_result
    raise ex[1].with_traceback(ex[2])
  File "/home/taghreed/Tagreed-work/PlaywrightProjects/venv/lib/python3.10/site-packages/pluggy/_callers.py", line 39, in _multicall
    res = hook_impl.function(*args)
  File "/home/taghreed/Tagreed-work/PlaywrightProjects/venv/lib/python3.10/site-packages/_pytest/runner.py", line 114, in pytest_runtest_protocol
    runtestprotocol(item, nextitem=nextitem)
  File "/home/taghreed/Tagreed-work/PlaywrightProjects/venv/lib/python3.10/site-packages/_pytest/runner.py", line 133, in runtestprotocol
    reports.append(call_and_report(item, "call", log))
  File "/home/taghreed/Tagreed-work/PlaywrightProjects/venv/lib/python3.10/site-packages/_pytest/runner.py", line 226, in call_and_report
    hook.pytest_runtest_logreport(report=report)
  File "/home/taghreed/Tagreed-work/PlaywrightProjects/venv/lib/python3.10/site-packages/pluggy/_hooks.py", line 265, in __call__
    return self._hookexec(self.name, self.get_hookimpls(), kwargs, firstresult)
  File "/home/taghreed/Tagreed-work/PlaywrightProjects/venv/lib/python3.10/site-packages/pluggy/_manager.py", line 80, in _hookexec
    return self._inner_hookexec(hook_name, methods, kwargs, firstresult)
  File "/home/taghreed/Tagreed-work/PlaywrightProjects/venv/lib/python3.10/site-packages/pluggy/_callers.py", line 60, in _multicall
    return outcome.get_result()
  File "/home/taghreed/Tagreed-work/PlaywrightProjects/venv/lib/python3.10/site-packages/pluggy/_result.py", line 60, in get_result
    raise ex[1].with_traceback(ex[2])
  File "/home/taghreed/Tagreed-work/PlaywrightProjects/venv/lib/python3.10/site-packages/pluggy/_callers.py", line 39, in _multicall
    res = hook_impl.function(*args)
  File "/home/taghreed/Tagreed-work/PlaywrightProjects/venv/lib/python3.10/site-packages/_pytest/junitxml.py", line 561, in pytest_runtest_logreport
    reporter = self._opentestcase(report)
  File "/home/taghreed/Tagreed-work/PlaywrightProjects/venv/lib/python3.10/site-packages/_pytest/junitxml.py", line 532, in _opentestcase
    reporter.record_testreport(report)
  File "/home/taghreed/Tagreed-work/PlaywrightProjects/venv/lib/python3.10/site-packages/_pytest/junitxml.py", line 145, in record_testreport
    if key in families[self.family]["testcase"]:
KeyError: 'jest-junit'</error></testcase></testsuite></testsuites>